[0.015s] Invoking command in '/home/xukai/00-Learn/ros2-learning/ws01_plumbing/build/base_interfaces_demo': CMAKE_PREFIX_PATH=${CMAKE_PREFIX_PATH}:/home/xukai/00-Learn/ros2-learning/ws01_plumbing/install/py02_service:/home/xukai/00-Learn/ros2-learning/ws01_plumbing/install/py01_topic:/opt/ros/humble /usr/bin/cmake --build /home/xukai/00-Learn/ros2-learning/ws01_plumbing/build/base_interfaces_demo -- -j8 -l8
[0.069s] -- Found ament_cmake: 1.3.4 (/opt/ros/humble/share/ament_cmake/cmake)
[0.232s] -- Found rosidl_default_generators: 1.2.0 (/opt/ros/humble/share/rosidl_default_generators/cmake)
[0.236s] -- Using all available rosidl_typesupport_c: rosidl_typesupport_fastrtps_c;rosidl_typesupport_introspection_c
[0.240s] -- Found rosidl_adapter: 3.1.4 (/opt/ros/humble/share/rosidl_adapter/cmake)
[0.280s] -- Using all available rosidl_typesupport_cpp: rosidl_typesupport_fastrtps_cpp;rosidl_typesupport_introspection_cpp
[0.502s] [31mCMake Error at /opt/ros/humble/share/rosidl_adapter/cmake/rosidl_adapt_interfaces.cmake:59 (message):
[0.502s]   execute_process(/usr/bin/python3.10 -m rosidl_adapter --package-name
[0.502s]   base_interfaces_demo --arguments-file
[0.502s]   /home/xukai/00-Learn/ros2-learning/ws01_plumbing/build/base_interfaces_demo/rosidl_adapter__arguments__base_interfaces_demo.json
[0.502s]   --output-dir
[0.503s]   /home/xukai/00-Learn/ros2-learning/ws01_plumbing/build/base_interfaces_demo/rosidl_adapter/base_interfaces_demo
[0.503s]   --output-file
[0.503s]   /home/xukai/00-Learn/ros2-learning/ws01_plumbing/build/base_interfaces_demo/rosidl_adapter/base_interfaces_demo.idls)
[0.503s]   returned error code 1:
[0.503s] 
[0.503s]   Traceback (most recent call last):
[0.503s] 
[0.503s]     File "/usr/lib/python3.10/runpy.py", line 196, in _run_module_as_main
[0.504s]       return _run_code(code, main_globals, None,
[0.504s]     File "/usr/lib/python3.10/runpy.py", line 86, in _run_code
[0.504s]       exec(code, run_globals)
[0.504s]     File "/opt/ros/humble/local/lib/python3.10/dist-packages/rosidl_adapter/__main__.py", line 19, in <module>
[0.504s]       sys.exit(main())
[0.504s]     File "/opt/ros/humble/local/lib/python3.10/dist-packages/rosidl_adapter/main.py", line 53, in main
[0.504s]       abs_idl_file = convert_to_idl(
[0.504s]     File "/opt/ros/humble/local/lib/python3.10/dist-packages/rosidl_adapter/__init__.py", line 29, in convert_to_idl
[0.504s]       return convert_action_to_idl(
[0.504s]     File "/opt/ros/humble/local/lib/python3.10/dist-packages/rosidl_adapter/action/__init__.py", line 28, in convert_action_to_idl
[0.505s]       action = parse_action_string(package_name, input_file.stem, content)
[0.505s]     File "/opt/ros/humble/local/lib/python3.10/dist-packages/rosidl_adapter/parser.py", line 894, in parse_action_string
[0.505s]       raise InvalidActionSpecification(
[0.505s] 
[0.505s]   rosidl_adapter.parser.InvalidActionSpecification: Number of '---'
[0.505s]   separators nonconformant with action definition
[0.505s] 
[0.505s] Call Stack (most recent call first):
[0.505s]   /opt/ros/humble/share/rosidl_cmake/cmake/rosidl_generate_interfaces.cmake:130 (rosidl_adapt_interfaces)
[0.505s]   CMakeLists.txt:15 (rosidl_generate_interfaces)
[0.506s] 
[0.506s] [0m
[0.506s] -- Configuring incomplete, errors occurred!
[0.506s] See also "/home/xukai/00-Learn/ros2-learning/ws01_plumbing/build/base_interfaces_demo/CMakeFiles/CMakeOutput.log".
[0.508s] gmake: *** [Makefile:963ï¼šcmake_check_build_system] é”™è¯¯ 1
[0.512s] Invoked command in '/home/xukai/00-Learn/ros2-learning/ws01_plumbing/build/base_interfaces_demo' returned '2': CMAKE_PREFIX_PATH=${CMAKE_PREFIX_PATH}:/home/xukai/00-Learn/ros2-learning/ws01_plumbing/install/py02_service:/home/xukai/00-Learn/ros2-learning/ws01_plumbing/install/py01_topic:/opt/ros/humble /usr/bin/cmake --build /home/xukai/00-Learn/ros2-learning/ws01_plumbing/build/base_interfaces_demo -- -j8 -l8
